[debug] [2025-04-25T03:49:54.499Z] ----------------------------------------------------------------------
[debug] [2025-04-25T03:49:54.502Z] Command:       C:\Program Files\nodejs\node.exe C:\Users\GB-AMD-006\AppData\Roaming\npm\node_modules\firebase-tools\lib\bin\firebase.js deploy
[debug] [2025-04-25T03:49:54.503Z] CLI Version:   14.2.0
[debug] [2025-04-25T03:49:54.503Z] Platform:      win32
[debug] [2025-04-25T03:49:54.503Z] Node Version:  v20.19.0
[debug] [2025-04-25T03:49:54.503Z] Time:          Fri Apr 25 2025 12:49:54 GMT+0900 (대한민국 표준시)
[debug] [2025-04-25T03:49:54.503Z] ----------------------------------------------------------------------
[debug] 
[debug] [2025-04-25T03:49:54.707Z] > command requires scopes: ["email","openid","https://www.googleapis.com/auth/cloudplatformprojects.readonly","https://www.googleapis.com/auth/firebase","https://www.googleapis.com/auth/cloud-platform"]
[debug] [2025-04-25T03:49:54.708Z] > authorizing via signed-in user (mindfree4u2@gmail.com)
[debug] [2025-04-25T03:49:54.708Z] [iam] checking project drum-playground for permissions ["cloudfunctions.functions.create","cloudfunctions.functions.delete","cloudfunctions.functions.get","cloudfunctions.functions.list","cloudfunctions.functions.update","cloudfunctions.operations.get","firebase.projects.get","firebasehosting.sites.update"]
[debug] [2025-04-25T03:49:54.709Z] Checked if tokens are valid: false, expires at: 1745541706469
[debug] [2025-04-25T03:49:54.709Z] Checked if tokens are valid: false, expires at: 1745541706469
[debug] [2025-04-25T03:49:54.709Z] > refreshing access token with scopes: []
[debug] [2025-04-25T03:49:54.711Z] >>> [apiv2][query] POST https://www.googleapis.com/oauth2/v3/token [none]
[debug] [2025-04-25T03:49:54.711Z] >>> [apiv2][body] POST https://www.googleapis.com/oauth2/v3/token [omitted]
[debug] [2025-04-25T03:49:54.993Z] <<< [apiv2][status] POST https://www.googleapis.com/oauth2/v3/token 200
[debug] [2025-04-25T03:49:54.993Z] <<< [apiv2][body] POST https://www.googleapis.com/oauth2/v3/token [omitted]
[debug] [2025-04-25T03:49:55.006Z] >>> [apiv2][query] POST https://cloudresourcemanager.googleapis.com/v1/projects/drum-playground:testIamPermissions [none]
[debug] [2025-04-25T03:49:55.006Z] >>> [apiv2][(partial)header] POST https://cloudresourcemanager.googleapis.com/v1/projects/drum-playground:testIamPermissions x-goog-quota-user=projects/drum-playground
[debug] [2025-04-25T03:49:55.006Z] >>> [apiv2][body] POST https://cloudresourcemanager.googleapis.com/v1/projects/drum-playground:testIamPermissions {"permissions":["cloudfunctions.functions.create","cloudfunctions.functions.delete","cloudfunctions.functions.get","cloudfunctions.functions.list","cloudfunctions.functions.update","cloudfunctions.operations.get","firebase.projects.get","firebasehosting.sites.update"]}
[debug] [2025-04-25T03:49:55.777Z] <<< [apiv2][status] POST https://cloudresourcemanager.googleapis.com/v1/projects/drum-playground:testIamPermissions 200
[debug] [2025-04-25T03:49:55.777Z] <<< [apiv2][body] POST https://cloudresourcemanager.googleapis.com/v1/projects/drum-playground:testIamPermissions {"permissions":["cloudfunctions.functions.create","cloudfunctions.functions.delete","cloudfunctions.functions.get","cloudfunctions.functions.list","cloudfunctions.functions.update","cloudfunctions.operations.get","firebase.projects.get","firebasehosting.sites.update"]}
[debug] [2025-04-25T03:49:55.777Z] Checked if tokens are valid: true, expires at: 1745556593994
[debug] [2025-04-25T03:49:55.777Z] Checked if tokens are valid: true, expires at: 1745556593994
[debug] [2025-04-25T03:49:55.777Z] >>> [apiv2][query] POST https://iam.googleapis.com/v1/projects/drum-playground/serviceAccounts/drum-playground@appspot.gserviceaccount.com:testIamPermissions [none]
[debug] [2025-04-25T03:49:55.777Z] >>> [apiv2][body] POST https://iam.googleapis.com/v1/projects/drum-playground/serviceAccounts/drum-playground@appspot.gserviceaccount.com:testIamPermissions {"permissions":["iam.serviceAccounts.actAs"]}
[debug] [2025-04-25T03:49:56.154Z] <<< [apiv2][status] POST https://iam.googleapis.com/v1/projects/drum-playground/serviceAccounts/drum-playground@appspot.gserviceaccount.com:testIamPermissions 200
[debug] [2025-04-25T03:49:56.154Z] <<< [apiv2][body] POST https://iam.googleapis.com/v1/projects/drum-playground/serviceAccounts/drum-playground@appspot.gserviceaccount.com:testIamPermissions {"permissions":["iam.serviceAccounts.actAs"]}
[debug] [2025-04-25T03:49:56.154Z] Checked if tokens are valid: true, expires at: 1745556593994
[debug] [2025-04-25T03:49:56.154Z] Checked if tokens are valid: true, expires at: 1745556593994
[debug] [2025-04-25T03:49:56.155Z] >>> [apiv2][query] GET https://firebase.googleapis.com/v1beta1/projects/drum-playground [none]
[debug] [2025-04-25T03:49:56.580Z] <<< [apiv2][status] GET https://firebase.googleapis.com/v1beta1/projects/drum-playground 200
[debug] [2025-04-25T03:49:56.580Z] <<< [apiv2][body] GET https://firebase.googleapis.com/v1beta1/projects/drum-playground {"projectId":"drum-playground","projectNumber":"262246327304","displayName":"drum-playground","name":"projects/drum-playground","resources":{"hostingSite":"drum-playground"},"state":"ACTIVE","etag":"1_0311df24-f69e-4123-b0d4-07b895f342bb"}
[info] 
[info] === Deploying to 'drum-playground'...
[info] 
[info] i  deploying functions, hosting 
[debug] [2025-04-25T03:49:56.585Z] Checked if tokens are valid: true, expires at: 1745556593994
[debug] [2025-04-25T03:49:56.585Z] Checked if tokens are valid: true, expires at: 1745556593994
[debug] [2025-04-25T03:49:56.586Z] >>> [apiv2][query] GET https://cloudresourcemanager.googleapis.com/v1/projects/drum-playground [none]
[debug] [2025-04-25T03:49:56.805Z] <<< [apiv2][status] GET https://cloudresourcemanager.googleapis.com/v1/projects/drum-playground 200
[debug] [2025-04-25T03:49:56.805Z] <<< [apiv2][body] GET https://cloudresourcemanager.googleapis.com/v1/projects/drum-playground {"projectNumber":"262246327304","projectId":"drum-playground","lifecycleState":"ACTIVE","name":"drum-playground","labels":{"firebase":"enabled","firebase-core":"disabled"},"createTime":"2025-04-14T00:39:02.048926Z"}
[info] i  functions: preparing codebase default for deployment 
[info] i  functions: ensuring required API cloudfunctions.googleapis.com is enabled... 
[debug] [2025-04-25T03:49:56.808Z] Checked if tokens are valid: true, expires at: 1745556593994
[debug] [2025-04-25T03:49:56.808Z] Checked if tokens are valid: true, expires at: 1745556593994
[debug] [2025-04-25T03:49:56.808Z] Checked if tokens are valid: true, expires at: 1745556593994
[debug] [2025-04-25T03:49:56.808Z] Checked if tokens are valid: true, expires at: 1745556593994
[info] i  functions: ensuring required API cloudbuild.googleapis.com is enabled... 
[debug] [2025-04-25T03:49:56.809Z] Checked if tokens are valid: true, expires at: 1745556593994
[debug] [2025-04-25T03:49:56.809Z] Checked if tokens are valid: true, expires at: 1745556593994
[info] i  artifactregistry: ensuring required API artifactregistry.googleapis.com is enabled... 
[debug] [2025-04-25T03:49:56.810Z] Checked if tokens are valid: true, expires at: 1745556593994
[debug] [2025-04-25T03:49:56.810Z] Checked if tokens are valid: true, expires at: 1745556593994
[debug] [2025-04-25T03:49:56.810Z] >>> [apiv2][query] GET https://serviceusage.googleapis.com/v1/projects/drum-playground/services/cloudfunctions.googleapis.com [none]
[debug] [2025-04-25T03:49:56.810Z] >>> [apiv2][(partial)header] GET https://serviceusage.googleapis.com/v1/projects/drum-playground/services/cloudfunctions.googleapis.com x-goog-quota-user=projects/drum-playground
[debug] [2025-04-25T03:49:56.813Z] >>> [apiv2][query] GET https://serviceusage.googleapis.com/v1/projects/drum-playground/services/runtimeconfig.googleapis.com [none]
[debug] [2025-04-25T03:49:56.813Z] >>> [apiv2][(partial)header] GET https://serviceusage.googleapis.com/v1/projects/drum-playground/services/runtimeconfig.googleapis.com x-goog-quota-user=projects/drum-playground
[debug] [2025-04-25T03:49:56.815Z] >>> [apiv2][query] GET https://serviceusage.googleapis.com/v1/projects/drum-playground/services/cloudbuild.googleapis.com [none]
[debug] [2025-04-25T03:49:56.815Z] >>> [apiv2][(partial)header] GET https://serviceusage.googleapis.com/v1/projects/drum-playground/services/cloudbuild.googleapis.com x-goog-quota-user=projects/drum-playground
[debug] [2025-04-25T03:49:56.816Z] >>> [apiv2][query] GET https://serviceusage.googleapis.com/v1/projects/drum-playground/services/artifactregistry.googleapis.com [none]
[debug] [2025-04-25T03:49:56.816Z] >>> [apiv2][(partial)header] GET https://serviceusage.googleapis.com/v1/projects/drum-playground/services/artifactregistry.googleapis.com x-goog-quota-user=projects/drum-playground
[debug] [2025-04-25T03:49:57.348Z] <<< [apiv2][status] GET https://serviceusage.googleapis.com/v1/projects/drum-playground/services/cloudfunctions.googleapis.com 200
[debug] [2025-04-25T03:49:57.348Z] <<< [apiv2][body] GET https://serviceusage.googleapis.com/v1/projects/drum-playground/services/cloudfunctions.googleapis.com [omitted]
[info] +  functions: required API cloudfunctions.googleapis.com is enabled 
[debug] [2025-04-25T03:49:57.972Z] <<< [apiv2][status] GET https://serviceusage.googleapis.com/v1/projects/drum-playground/services/runtimeconfig.googleapis.com 200
[debug] [2025-04-25T03:49:57.972Z] <<< [apiv2][body] GET https://serviceusage.googleapis.com/v1/projects/drum-playground/services/runtimeconfig.googleapis.com [omitted]
[debug] [2025-04-25T03:49:57.973Z] <<< [apiv2][status] GET https://serviceusage.googleapis.com/v1/projects/drum-playground/services/cloudbuild.googleapis.com 200
[debug] [2025-04-25T03:49:57.973Z] <<< [apiv2][body] GET https://serviceusage.googleapis.com/v1/projects/drum-playground/services/cloudbuild.googleapis.com [omitted]
[info] +  functions: required API cloudbuild.googleapis.com is enabled 
[debug] [2025-04-25T03:49:57.987Z] <<< [apiv2][status] GET https://serviceusage.googleapis.com/v1/projects/drum-playground/services/artifactregistry.googleapis.com 200
[debug] [2025-04-25T03:49:57.987Z] <<< [apiv2][body] GET https://serviceusage.googleapis.com/v1/projects/drum-playground/services/artifactregistry.googleapis.com [omitted]
[info] +  artifactregistry: required API artifactregistry.googleapis.com is enabled 
[debug] [2025-04-25T03:49:57.988Z] Checked if tokens are valid: true, expires at: 1745556593994
[debug] [2025-04-25T03:49:57.988Z] Checked if tokens are valid: true, expires at: 1745556593994
[debug] [2025-04-25T03:49:57.988Z] >>> [apiv2][query] GET https://firebase.googleapis.com/v1beta1/projects/drum-playground/adminSdkConfig [none]
[debug] [2025-04-25T03:49:58.274Z] <<< [apiv2][status] GET https://firebase.googleapis.com/v1beta1/projects/drum-playground/adminSdkConfig 200
[debug] [2025-04-25T03:49:58.274Z] <<< [apiv2][body] GET https://firebase.googleapis.com/v1beta1/projects/drum-playground/adminSdkConfig {"projectId":"drum-playground","storageBucket":"drum-playground.firebasestorage.app"}
[debug] [2025-04-25T03:49:58.275Z] Checked if tokens are valid: true, expires at: 1745556593994
[debug] [2025-04-25T03:49:58.275Z] Checked if tokens are valid: true, expires at: 1745556593994
[debug] [2025-04-25T03:49:58.275Z] >>> [apiv2][query] GET https://runtimeconfig.googleapis.com/v1beta1/projects/drum-playground/configs [none]
[debug] [2025-04-25T03:49:58.743Z] <<< [apiv2][status] GET https://runtimeconfig.googleapis.com/v1beta1/projects/drum-playground/configs 200
[debug] [2025-04-25T03:49:58.743Z] <<< [apiv2][body] GET https://runtimeconfig.googleapis.com/v1beta1/projects/drum-playground/configs {}
[debug] [2025-04-25T03:49:58.744Z] Validating nodejs source
[warn] !  functions: Runtime Node.js 18 will be deprecated on 2025-04-30 and will be decommissioned on 2025-10-31, after which you will not be able to deploy without upgrading. Consider upgrading now to avoid disruption. See https://cloud.google.com/functions/docs/runtime-support for full details on the lifecycle policy 
[debug] [2025-04-25T03:50:00.233Z] > [functions] package.json contents: {
  "name": "functions",
  "description": "Cloud Functions for Firebase",
  "scripts": {
    "lint": "eslint .",
    "serve": "firebase emulators:start --only functions",
    "shell": "firebase functions:shell",
    "start": "npm run shell",
    "deploy": "firebase deploy --only functions",
    "logs": "firebase functions:log"
  },
  "engines": {
    "node": ">=18"
  },
  "main": "index.js",
  "dependencies": {
    "draft-js": "^0.11.7",
    "firebase-admin": "^12.6.0",
    "firebase-functions": "^6.0.1",
    "font-list": "^1.5.1",
    "react-color": "^2.19.3"
  },
  "devDependencies": {
    "eslint": "^8.15.0",
    "eslint-config-google": "^0.14.0",
    "firebase-functions-test": "^3.1.0"
  },
  "private": true
}
[debug] [2025-04-25T03:50:00.233Z] Building nodejs source
[info] i  functions: Loading and analyzing source code for codebase default to determine what to deploy 
[debug] [2025-04-25T03:50:00.236Z] Could not find functions.yaml. Must use http discovery
[debug] [2025-04-25T03:50:00.244Z] Found firebase-functions binary at 'D:\Study\Cursor\drum-playground\node_modules\.bin\firebase-functions'
[info] Serving at port 8579

[debug] [2025-04-25T03:50:02.570Z] Got response from /__/functions.yaml {"endpoints":{},"specVersion":"v1alpha1","requiredAPIs":[],"extensions":{}}
[info] i  extensions: ensuring required API firebaseextensions.googleapis.com is enabled... 
[debug] [2025-04-25T03:50:06.600Z] Checked if tokens are valid: true, expires at: 1745556593994
[debug] [2025-04-25T03:50:06.600Z] Checked if tokens are valid: true, expires at: 1745556593994
[debug] [2025-04-25T03:50:06.600Z] >>> [apiv2][query] GET https://serviceusage.googleapis.com/v1/projects/drum-playground/services/firebaseextensions.googleapis.com [none]
[debug] [2025-04-25T03:50:06.600Z] >>> [apiv2][(partial)header] GET https://serviceusage.googleapis.com/v1/projects/drum-playground/services/firebaseextensions.googleapis.com x-goog-quota-user=projects/drum-playground
[debug] [2025-04-25T03:50:07.685Z] <<< [apiv2][status] GET https://serviceusage.googleapis.com/v1/projects/drum-playground/services/firebaseextensions.googleapis.com 200
[debug] [2025-04-25T03:50:07.685Z] <<< [apiv2][body] GET https://serviceusage.googleapis.com/v1/projects/drum-playground/services/firebaseextensions.googleapis.com [omitted]
[info] +  extensions: required API firebaseextensions.googleapis.com is enabled 
[debug] [2025-04-25T03:50:07.686Z] > command requires scopes: ["email","openid","https://www.googleapis.com/auth/cloudplatformprojects.readonly","https://www.googleapis.com/auth/firebase","https://www.googleapis.com/auth/cloud-platform"]
[debug] [2025-04-25T03:50:07.686Z] > authorizing via signed-in user (mindfree4u2@gmail.com)
[debug] [2025-04-25T03:50:07.686Z] [iam] checking project drum-playground for permissions ["firebase.projects.get","firebaseextensions.instances.list"]
[debug] [2025-04-25T03:50:07.686Z] Checked if tokens are valid: true, expires at: 1745556593994
[debug] [2025-04-25T03:50:07.686Z] Checked if tokens are valid: true, expires at: 1745556593994
[debug] [2025-04-25T03:50:07.686Z] >>> [apiv2][query] POST https://cloudresourcemanager.googleapis.com/v1/projects/drum-playground:testIamPermissions [none]
[debug] [2025-04-25T03:50:07.686Z] >>> [apiv2][(partial)header] POST https://cloudresourcemanager.googleapis.com/v1/projects/drum-playground:testIamPermissions x-goog-quota-user=projects/drum-playground
[debug] [2025-04-25T03:50:07.686Z] >>> [apiv2][body] POST https://cloudresourcemanager.googleapis.com/v1/projects/drum-playground:testIamPermissions {"permissions":["firebase.projects.get","firebaseextensions.instances.list"]}
[debug] [2025-04-25T03:50:08.400Z] <<< [apiv2][status] POST https://cloudresourcemanager.googleapis.com/v1/projects/drum-playground:testIamPermissions 200
[debug] [2025-04-25T03:50:08.400Z] <<< [apiv2][body] POST https://cloudresourcemanager.googleapis.com/v1/projects/drum-playground:testIamPermissions {"permissions":["firebase.projects.get","firebaseextensions.instances.list"]}
[debug] [2025-04-25T03:50:08.401Z] Checked if tokens are valid: true, expires at: 1745556593994
[debug] [2025-04-25T03:50:08.401Z] Checked if tokens are valid: true, expires at: 1745556593994
[debug] [2025-04-25T03:50:08.401Z] >>> [apiv2][query] GET https://firebaseextensions.googleapis.com/v1beta/projects/drum-playground/instances pageSize=100&pageToken=
